<?xml version="1.0" encoding="UTF-8"?>
<!-- Generated by org.testng.reporters.JUnitReportReporter -->
<testsuite skipped="0" hostname="ASHISH" name="com.cleartrip.testcases.Resizable" tests="1" failures="0" timestamp="15 Mar 2020 10:45:14 GMT" time="1.953" errors="0">
  <testcase name="testToResizeElement" time="1.953" classname="com.cleartrip.testcases.Resizable"/>
</testsuite> <!-- com.cleartrip.testcases.Resizable -->
