<?xml version="1.0" encoding="UTF-8"?>
<!-- Generated by org.testng.reporters.JUnitReportReporter -->
<testsuite skipped="0" hostname="ASHISH" name="com.cleartrip.testcases.HomePageTest" tests="2" failures="0" timestamp="15 Mar 2020 13:19:27 GMT" time="50.259" errors="0">
  <testcase name="openResizableLink" time="20.044" classname="com.cleartrip.testcases.HomePageTest"/>
  <testcase name="openDroppableLink" time="30.215" classname="com.cleartrip.testcases.HomePageTest"/>
</testsuite> <!-- com.cleartrip.testcases.HomePageTest -->
