<?xml version="1.0" encoding="UTF-8"?>
<!-- Generated by org.testng.reporters.JUnitReportReporter -->
<testsuite skipped="0" hostname="ASHISH" name="com.demoqa.testcases.DroppablePageTest" tests="2" failures="0" timestamp="15 Mar 2020 20:20:12 GMT" time="19.386" errors="0">
  <testcase name="dragAndDrop" time="9.839" classname="com.demoqa.testcases.DroppablePageTest"/>
  <testcase name="dragDropBack" time="9.547" classname="com.demoqa.testcases.DroppablePageTest"/>
</testsuite> <!-- com.demoqa.testcases.DroppablePageTest -->
