<?xml version="1.0" encoding="UTF-8"?>
<!-- Generated by org.testng.reporters.JUnitReportReporter -->
<testsuite skipped="0" hostname="ASHISH" name="com.cleartrip.testcases.Droppable" tests="1" failures="0" timestamp="14 Mar 2020 16:20:20 GMT" time="0.907" errors="0">
  <testcase name="testing" time="0.907" classname="com.cleartrip.testcases.Droppable"/>
</testsuite> <!-- com.cleartrip.testcases.Droppable -->
