<?xml version="1.0" encoding="UTF-8"?>
<!-- Generated by org.testng.reporters.JUnitReportReporter -->
<testsuite skipped="0" hostname="ASHISH" name="com.demoqa.testcases.ResizablePageTest" tests="1" failures="0" timestamp="15 Mar 2020 20:38:45 GMT" time="1.775" errors="0">
  <testcase name="performResize" time="1.775" classname="com.demoqa.testcases.ResizablePageTest"/>
</testsuite> <!-- com.demoqa.testcases.ResizablePageTest -->
