<?xml version="1.0" encoding="UTF-8"?>
<!-- Generated by org.testng.reporters.JUnitReportReporter -->
<testsuite skipped="0" hostname="ASHISH" name="com.demoqa.testcases.DroppablePageTest" tests="2" failures="0" timestamp="15 Mar 2020 20:38:45 GMT" time="60.575" errors="0">
  <testcase name="dragBack" time="30.126" classname="com.demoqa.testcases.DroppablePageTest"/>
  <testcase name="dragAndDrop" time="30.449" classname="com.demoqa.testcases.DroppablePageTest"/>
</testsuite> <!-- com.demoqa.testcases.DroppablePageTest -->
