<?xml version="1.0" encoding="UTF-8"?>
<!-- Generated by org.testng.reporters.JUnitReportReporter -->
<testsuite skipped="0" hostname="ASHISH" name="com.demoqa.testcases.HomePageTest" tests="2" failures="0" timestamp="15 Mar 2020 20:38:45 GMT" time="33.563" errors="0">
  <testcase name="openResizableLink" time="10.316" classname="com.demoqa.testcases.HomePageTest"/>
  <testcase name="openDroppableLink" time="23.247" classname="com.demoqa.testcases.HomePageTest"/>
</testsuite> <!-- com.demoqa.testcases.HomePageTest -->
